<?xml version="1.0" encoding="UTF-8"?>
<testng-results ignored="0" total="1" passed="1" failed="0" skipped="0">
  <reporter-output>
  </reporter-output>
  <suite started-at="2021-04-06T17:47:31 MDT" name="SampleTest" finished-at="2021-04-06T17:47:31 MDT" duration-ms="25">
    <groups>
    </groups>
    <test started-at="2021-04-06T17:47:31 MDT" name="Command line test" finished-at="2021-04-06T17:47:31 MDT" duration-ms="25">
      <class name="SampleTest">
        <test-method signature="test1()[pri:0, instance:SampleTest@59906517]" started-at="2021-04-06T17:47:31 MDT" name="test1" finished-at="2021-04-06T17:47:31 MDT" duration-ms="3" status="PASS">
          <reporter-output>
          </reporter-output>
        </test-method> <!-- test1 -->
      </class> <!-- SampleTest -->
    </test> <!-- Command line test -->
  </suite> <!-- SampleTest -->
</testng-results>
